[2017-08-28 09:56:44,483: DEBUG/MainProcess] | Worker: Preparing bootsteps.
[2017-08-28 09:56:44,485: DEBUG/MainProcess] | Worker: Building graph...
[2017-08-28 09:56:44,485: DEBUG/MainProcess] | Worker: New boot order: {Timer, Hub, Queues (intra), Pool, Autoscaler, Beat, Autoreloader, StateDB, Consumer}
[2017-08-28 09:56:44,491: DEBUG/MainProcess] | Consumer: Preparing bootsteps.
[2017-08-28 09:56:44,492: DEBUG/MainProcess] | Consumer: Building graph...
[2017-08-28 09:56:44,503: DEBUG/MainProcess] | Consumer: New boot order: {Connection, Events, Heart, Agent, Mingle, Gossip, Tasks, Control, event loop}
[2017-08-28 09:56:44,530: WARNING/MainProcess] /usr/local/lib/python2.7/dist-packages/celery/apps/worker.py:161: CDeprecationWarning: 
Starting from version 3.2 Celery will refuse to accept pickle by default.

The pickle serializer is a security concern as it may give attackers
the ability to execute any command.  It's important to secure
your broker from unauthorized access when using pickle, so we think
that enabling pickle should require a deliberate action and not be
the default choice.

If you depend on pickle then you should set a setting to disable this
warning and to be sure that everything will continue working
when you upgrade to Celery 3.2::

    CELERY_ACCEPT_CONTENT = ['pickle', 'json', 'msgpack', 'yaml']

You must only enable the serializers that you will actually use.


  warnings.warn(CDeprecationWarning(W_PICKLE_DEPRECATED))
[2017-08-28 09:56:44,542: DEBUG/MainProcess] | Worker: Starting Hub
[2017-08-28 09:56:44,543: DEBUG/MainProcess] ^-- substep ok
[2017-08-28 09:56:44,543: DEBUG/MainProcess] | Worker: Starting Pool
[2017-08-28 09:56:44,590: DEBUG/MainProcess] ^-- substep ok
[2017-08-28 09:56:44,591: DEBUG/MainProcess] | Worker: Starting Beat
[2017-08-28 09:56:44,594: DEBUG/MainProcess] ^-- substep ok
[2017-08-28 09:56:44,603: DEBUG/MainProcess] | Worker: Starting Consumer
[2017-08-28 09:56:44,604: DEBUG/MainProcess] | Consumer: Starting Connection
[2017-08-28 09:56:44,608: INFO/Beat] beat: Starting...
[2017-08-28 09:56:44,613: DEBUG/Beat] DatabaseScheduler: intial read
[2017-08-28 09:56:44,613: INFO/Beat] Writing entries (0)...
[2017-08-28 09:56:44,615: DEBUG/Beat] DatabaseScheduler: Fetching database schedule
[2017-08-28 09:56:44,631: INFO/MainProcess] Connected to redis://127.0.0.1:6379/0
[2017-08-28 09:56:44,631: DEBUG/MainProcess] ^-- substep ok
[2017-08-28 09:56:44,631: DEBUG/MainProcess] | Consumer: Starting Events
[2017-08-28 09:56:44,640: DEBUG/Beat] Current schedule:
<ModelEntry: celery.backend_cleanup celery.backend_cleanup(*[], **{}) <crontab: 0 4 * * * (m/h/d/dM/MY)>>
[2017-08-28 09:56:44,649: DEBUG/MainProcess] ^-- substep ok
[2017-08-28 09:56:44,649: DEBUG/MainProcess] | Consumer: Starting Heart
[2017-08-28 09:56:44,655: DEBUG/MainProcess] ^-- substep ok
[2017-08-28 09:56:44,655: DEBUG/MainProcess] | Consumer: Starting Mingle
[2017-08-28 09:56:44,655: INFO/MainProcess] mingle: searching for neighbors
[2017-08-28 09:56:44,675: DEBUG/Beat] beat: Ticking with max interval->5.00 seconds
[2017-08-28 09:56:44,695: DEBUG/Beat] beat: Waking up in 4.99 seconds.
[2017-08-28 09:56:45,660: INFO/MainProcess] mingle: all alone
[2017-08-28 09:56:45,661: DEBUG/MainProcess] ^-- substep ok
[2017-08-28 09:56:45,661: DEBUG/MainProcess] | Consumer: Starting Gossip
[2017-08-28 09:56:45,667: DEBUG/MainProcess] ^-- substep ok
[2017-08-28 09:56:45,667: DEBUG/MainProcess] | Consumer: Starting Tasks
[2017-08-28 09:56:45,670: DEBUG/MainProcess] ^-- substep ok
[2017-08-28 09:56:45,670: DEBUG/MainProcess] | Consumer: Starting Control
[2017-08-28 09:56:45,672: DEBUG/MainProcess] ^-- substep ok
[2017-08-28 09:56:45,673: DEBUG/MainProcess] | Consumer: Starting event loop
[2017-08-28 09:56:45,673: WARNING/MainProcess] /usr/local/lib/python2.7/dist-packages/djcelery/loaders.py:130: UserWarning: Using settings.DEBUG leads to a memory leak, never use this setting in production environments!
  warn('Using settings.DEBUG leads to a memory leak, never '
[2017-08-28 09:56:45,673: WARNING/MainProcess] /usr/local/lib/python2.7/dist-packages/celery/fixups/django.py:265: UserWarning: Using settings.DEBUG leads to a memory leak, never use this setting in production environments!
  warnings.warn('Using settings.DEBUG leads to a memory leak, never '
[2017-08-28 09:56:45,674: WARNING/MainProcess] worker@server02 ready.
[2017-08-28 09:56:45,674: DEBUG/MainProcess] | Worker: Hub.register Pool...
[2017-08-28 09:56:45,674: DEBUG/MainProcess] basic.qos: prefetch_count->4
[2017-08-28 09:56:46,573: DEBUG/MainProcess] n1@server02 joined the party
[2017-08-28 09:56:49,688: DEBUG/Beat] beat: Synchronizing schedule...
[2017-08-28 09:56:49,689: INFO/Beat] Writing entries (0)...
[2017-08-28 09:56:49,692: DEBUG/Beat] beat: Waking up in 4.99 seconds.
[2017-08-28 09:56:54,687: DEBUG/Beat] beat: Waking up in 4.99 seconds.
[2017-08-28 09:56:59,686: DEBUG/Beat] beat: Waking up in 4.99 seconds.
[2017-08-28 09:57:04,680: DEBUG/Beat] beat: Waking up in 4.99 seconds.
[2017-08-28 09:57:09,675: DEBUG/Beat] beat: Waking up in 4.99 seconds.
[2017-08-28 09:57:10,907: DEBUG/MainProcess] | Worker: Closing Hub...
[2017-08-28 09:57:10,908: DEBUG/MainProcess] | Worker: Closing Pool...
[2017-08-28 09:57:10,908: DEBUG/MainProcess] | Worker: Closing Beat...
[2017-08-28 09:57:10,908: DEBUG/MainProcess] | Worker: Closing Consumer...
[2017-08-28 09:57:10,909: DEBUG/MainProcess] | Worker: Stopping Consumer...
[2017-08-28 09:57:10,909: DEBUG/MainProcess] | Consumer: Closing Connection...
[2017-08-28 09:57:10,909: DEBUG/MainProcess] | Consumer: Closing Events...
[2017-08-28 09:57:10,909: DEBUG/MainProcess] | Consumer: Closing Heart...
[2017-08-28 09:57:10,909: DEBUG/MainProcess] | Consumer: Closing Mingle...
[2017-08-28 09:57:10,909: DEBUG/MainProcess] | Consumer: Closing Gossip...
[2017-08-28 09:57:10,909: DEBUG/MainProcess] | Consumer: Closing Tasks...
[2017-08-28 09:57:10,909: DEBUG/MainProcess] | Consumer: Closing Control...
[2017-08-28 09:57:10,909: DEBUG/MainProcess] | Consumer: Closing event loop...
[2017-08-28 09:57:10,909: DEBUG/MainProcess] | Consumer: Stopping event loop...
[2017-08-28 09:57:10,910: DEBUG/MainProcess] | Consumer: Stopping Control...
[2017-08-28 09:57:10,935: DEBUG/MainProcess] | Consumer: Stopping Tasks...
[2017-08-28 09:57:10,935: DEBUG/MainProcess] Canceling task consumer...
[2017-08-28 09:57:10,937: DEBUG/MainProcess] | Consumer: Stopping Gossip...
[2017-08-28 09:57:10,938: DEBUG/MainProcess] | Consumer: Stopping Mingle...
[2017-08-28 09:57:10,938: DEBUG/MainProcess] | Consumer: Stopping Heart...
[2017-08-28 09:57:10,939: DEBUG/MainProcess] | Consumer: Stopping Events...
[2017-08-28 09:57:10,940: DEBUG/MainProcess] | Consumer: Stopping Connection...
[2017-08-28 09:57:10,940: DEBUG/MainProcess] | Worker: Stopping Beat...
[2017-08-28 09:57:10,940: INFO/MainProcess] beat: Shutting down...
[2017-08-28 09:57:10,940: INFO/Beat] Writing entries (0)...
[2017-08-28 09:57:10,943: INFO/Beat] Writing entries (0)...
[2017-08-28 09:57:10,946: DEBUG/MainProcess] | Worker: Stopping Pool...
[2017-08-28 09:57:11,951: DEBUG/MainProcess] | Worker: Stopping Hub...
[2017-08-28 09:57:11,951: DEBUG/MainProcess] | Consumer: Shutdown Control...
[2017-08-28 09:57:11,952: DEBUG/MainProcess] | Consumer: Shutdown Tasks...
[2017-08-28 09:57:11,952: DEBUG/MainProcess] Canceling task consumer...
[2017-08-28 09:57:11,952: DEBUG/MainProcess] Closing consumer channel...
[2017-08-28 09:57:11,952: DEBUG/MainProcess] | Consumer: Shutdown Gossip...
[2017-08-28 09:57:11,953: DEBUG/MainProcess] | Consumer: Shutdown Heart...
[2017-08-28 09:57:11,953: DEBUG/MainProcess] | Consumer: Shutdown Events...
[2017-08-28 09:57:11,954: DEBUG/MainProcess] | Consumer: Shutdown Connection...
[2017-08-28 09:57:11,955: DEBUG/MainProcess] removing tasks from inqueue until task handler finished
[2017-08-28 09:57:26,188: DEBUG/MainProcess] | Worker: Preparing bootsteps.
[2017-08-28 09:57:26,191: DEBUG/MainProcess] | Worker: Building graph...
[2017-08-28 09:57:26,191: DEBUG/MainProcess] | Worker: New boot order: {StateDB, Timer, Hub, Queues (intra), Pool, Autoreloader, Autoscaler, Beat, Consumer}
[2017-08-28 09:57:26,198: DEBUG/MainProcess] | Consumer: Preparing bootsteps.
[2017-08-28 09:57:26,199: DEBUG/MainProcess] | Consumer: Building graph...
[2017-08-28 09:57:26,208: DEBUG/MainProcess] | Consumer: New boot order: {Connection, Events, Mingle, Tasks, Control, Heart, Agent, Gossip, event loop}
[2017-08-28 09:57:26,211: WARNING/MainProcess] /usr/local/lib/python2.7/dist-packages/celery/apps/worker.py:161: CDeprecationWarning: 
Starting from version 3.2 Celery will refuse to accept pickle by default.

The pickle serializer is a security concern as it may give attackers
the ability to execute any command.  It's important to secure
your broker from unauthorized access when using pickle, so we think
that enabling pickle should require a deliberate action and not be
the default choice.

If you depend on pickle then you should set a setting to disable this
warning and to be sure that everything will continue working
when you upgrade to Celery 3.2::

    CELERY_ACCEPT_CONTENT = ['pickle', 'json', 'msgpack', 'yaml']

You must only enable the serializers that you will actually use.


  warnings.warn(CDeprecationWarning(W_PICKLE_DEPRECATED))
[2017-08-28 09:57:26,219: DEBUG/MainProcess] | Worker: Starting Hub
[2017-08-28 09:57:26,219: DEBUG/MainProcess] ^-- substep ok
[2017-08-28 09:57:26,219: DEBUG/MainProcess] | Worker: Starting Pool
[2017-08-28 09:57:26,251: DEBUG/MainProcess] ^-- substep ok
[2017-08-28 09:57:26,252: DEBUG/MainProcess] | Worker: Starting Beat
[2017-08-28 09:57:26,263: DEBUG/MainProcess] ^-- substep ok
[2017-08-28 09:57:26,263: DEBUG/MainProcess] | Worker: Starting Consumer
[2017-08-28 09:57:26,263: DEBUG/MainProcess] | Consumer: Starting Connection
[2017-08-28 09:57:26,268: INFO/Beat] beat: Starting...
[2017-08-28 09:57:26,275: DEBUG/Beat] DatabaseScheduler: intial read
[2017-08-28 09:57:26,275: INFO/Beat] Writing entries (0)...
[2017-08-28 09:57:26,281: DEBUG/Beat] DatabaseScheduler: Fetching database schedule
[2017-08-28 09:57:26,283: INFO/MainProcess] Connected to redis://127.0.0.1:6379/0
[2017-08-28 09:57:26,283: DEBUG/MainProcess] ^-- substep ok
[2017-08-28 09:57:26,284: DEBUG/MainProcess] | Consumer: Starting Events
[2017-08-28 09:57:26,300: DEBUG/Beat] Current schedule:
<ModelEntry: celery.backend_cleanup celery.backend_cleanup(*[], **{}) <crontab: 0 4 * * * (m/h/d/dM/MY)>>
[2017-08-28 09:57:26,303: DEBUG/MainProcess] ^-- substep ok
[2017-08-28 09:57:26,303: DEBUG/MainProcess] | Consumer: Starting Mingle
[2017-08-28 09:57:26,303: INFO/MainProcess] mingle: searching for neighbors
[2017-08-28 09:57:26,335: DEBUG/Beat] beat: Ticking with max interval->5.00 seconds
[2017-08-28 09:57:26,359: DEBUG/Beat] beat: Waking up in 4.99 seconds.
[2017-08-28 09:57:27,310: INFO/MainProcess] mingle: all alone
[2017-08-28 09:57:27,311: DEBUG/MainProcess] ^-- substep ok
[2017-08-28 09:57:27,311: DEBUG/MainProcess] | Consumer: Starting Tasks
[2017-08-28 09:57:27,315: DEBUG/MainProcess] ^-- substep ok
[2017-08-28 09:57:27,315: DEBUG/MainProcess] | Consumer: Starting Control
[2017-08-28 09:57:27,320: DEBUG/MainProcess] ^-- substep ok
[2017-08-28 09:57:27,320: DEBUG/MainProcess] | Consumer: Starting Heart
[2017-08-28 09:57:27,323: DEBUG/MainProcess] ^-- substep ok
[2017-08-28 09:57:27,323: DEBUG/MainProcess] | Consumer: Starting Gossip
[2017-08-28 09:57:27,327: DEBUG/MainProcess] ^-- substep ok
[2017-08-28 09:57:27,327: DEBUG/MainProcess] | Consumer: Starting event loop
[2017-08-28 09:57:27,328: WARNING/MainProcess] /usr/local/lib/python2.7/dist-packages/djcelery/loaders.py:130: UserWarning: Using settings.DEBUG leads to a memory leak, never use this setting in production environments!
  warn('Using settings.DEBUG leads to a memory leak, never '
[2017-08-28 09:57:27,328: WARNING/MainProcess] /usr/local/lib/python2.7/dist-packages/celery/fixups/django.py:265: UserWarning: Using settings.DEBUG leads to a memory leak, never use this setting in production environments!
  warnings.warn('Using settings.DEBUG leads to a memory leak, never '
[2017-08-28 09:57:27,329: WARNING/MainProcess] worker@server02 ready.
[2017-08-28 09:57:27,329: DEBUG/MainProcess] | Worker: Hub.register Pool...
[2017-08-28 09:57:27,330: DEBUG/MainProcess] basic.qos: prefetch_count->4
[2017-08-28 09:57:28,024: DEBUG/MainProcess] n1@server02 joined the party
[2017-08-28 09:57:31,354: DEBUG/Beat] beat: Synchronizing schedule...
[2017-08-28 09:57:31,355: INFO/Beat] Writing entries (0)...
[2017-08-28 09:57:31,359: DEBUG/Beat] beat: Waking up in 4.99 seconds.
[2017-08-28 09:57:36,356: DEBUG/Beat] beat: Waking up in 4.99 seconds.
[2017-08-28 09:57:41,349: DEBUG/Beat] beat: Waking up in 4.99 seconds.
[2017-08-28 09:57:43,115: DEBUG/MainProcess] | Worker: Closing Hub...
[2017-08-28 09:57:43,116: DEBUG/MainProcess] | Worker: Closing Pool...
[2017-08-28 09:57:43,116: DEBUG/MainProcess] | Worker: Closing Beat...
[2017-08-28 09:57:43,116: DEBUG/MainProcess] | Worker: Closing Consumer...
[2017-08-28 09:57:43,116: DEBUG/MainProcess] | Worker: Stopping Consumer...
[2017-08-28 09:57:43,116: DEBUG/MainProcess] | Consumer: Closing Connection...
[2017-08-28 09:57:43,116: DEBUG/MainProcess] | Consumer: Closing Events...
[2017-08-28 09:57:43,117: DEBUG/MainProcess] | Consumer: Closing Mingle...
[2017-08-28 09:57:43,117: DEBUG/MainProcess] | Consumer: Closing Tasks...
[2017-08-28 09:57:43,117: DEBUG/MainProcess] | Consumer: Closing Control...
[2017-08-28 09:57:43,117: DEBUG/MainProcess] | Consumer: Closing Heart...
[2017-08-28 09:57:43,117: DEBUG/MainProcess] | Consumer: Closing Gossip...
[2017-08-28 09:57:43,117: DEBUG/MainProcess] | Consumer: Closing event loop...
[2017-08-28 09:57:43,117: DEBUG/MainProcess] | Consumer: Stopping event loop...
[2017-08-28 09:57:43,117: DEBUG/MainProcess] | Consumer: Stopping Gossip...
[2017-08-28 09:57:43,119: DEBUG/MainProcess] | Consumer: Stopping Heart...
[2017-08-28 09:57:43,127: DEBUG/MainProcess] | Consumer: Stopping Control...
[2017-08-28 09:57:43,129: DEBUG/MainProcess] | Consumer: Stopping Tasks...
[2017-08-28 09:57:43,130: DEBUG/MainProcess] Canceling task consumer...
[2017-08-28 09:57:43,130: DEBUG/MainProcess] | Consumer: Stopping Mingle...
[2017-08-28 09:57:43,130: DEBUG/MainProcess] | Consumer: Stopping Events...
[2017-08-28 09:57:43,132: DEBUG/MainProcess] | Consumer: Stopping Connection...
[2017-08-28 09:57:43,133: DEBUG/MainProcess] | Worker: Stopping Beat...
[2017-08-28 09:57:43,134: INFO/MainProcess] beat: Shutting down...
[2017-08-28 09:57:43,136: INFO/Beat] Writing entries (0)...
[2017-08-28 09:57:43,141: INFO/Beat] Writing entries (0)...
[2017-08-28 09:57:43,146: DEBUG/MainProcess] | Worker: Stopping Pool...
[2017-08-28 09:57:44,150: DEBUG/MainProcess] | Worker: Stopping Hub...
[2017-08-28 09:57:44,150: DEBUG/MainProcess] | Consumer: Shutdown Gossip...
[2017-08-28 09:57:44,151: DEBUG/MainProcess] | Consumer: Shutdown Heart...
[2017-08-28 09:57:44,153: DEBUG/MainProcess] | Consumer: Shutdown Control...
[2017-08-28 09:57:44,153: DEBUG/MainProcess] | Consumer: Shutdown Tasks...
[2017-08-28 09:57:44,153: DEBUG/MainProcess] Canceling task consumer...
[2017-08-28 09:57:44,154: DEBUG/MainProcess] Closing consumer channel...
[2017-08-28 09:57:44,154: DEBUG/MainProcess] | Consumer: Shutdown Events...
[2017-08-28 09:57:44,159: DEBUG/MainProcess] | Consumer: Shutdown Connection...
[2017-08-28 09:57:44,160: DEBUG/MainProcess] removing tasks from inqueue until task handler finished
[2017-10-18 16:39:57,933: WARNING/MainProcess] /usr/local/lib/python2.7/dist-packages/celery/apps/worker.py:161: CDeprecationWarning: 
Starting from version 3.2 Celery will refuse to accept pickle by default.

The pickle serializer is a security concern as it may give attackers
the ability to execute any command.  It's important to secure
your broker from unauthorized access when using pickle, so we think
that enabling pickle should require a deliberate action and not be
the default choice.

If you depend on pickle then you should set a setting to disable this
warning and to be sure that everything will continue working
when you upgrade to Celery 3.2::

    CELERY_ACCEPT_CONTENT = ['pickle', 'json', 'msgpack', 'yaml']

You must only enable the serializers that you will actually use.


  warnings.warn(CDeprecationWarning(W_PICKLE_DEPRECATED))
[2017-10-18 16:39:58,157: INFO/Beat] beat: Starting...
[2017-10-18 16:39:58,164: INFO/Beat] Writing entries (0)...
[2017-10-18 16:39:58,192: INFO/MainProcess] Connected to redis://127.0.0.1:6379/0
[2017-10-18 16:39:58,219: INFO/MainProcess] mingle: searching for neighbors
[2017-10-18 16:39:59,229: INFO/MainProcess] mingle: all alone
[2017-10-18 16:39:59,237: WARNING/MainProcess] /usr/local/lib/python2.7/dist-packages/djcelery/loaders.py:130: UserWarning: Using settings.DEBUG leads to a memory leak, never use this setting in production environments!
  warn('Using settings.DEBUG leads to a memory leak, never '
[2017-10-18 16:39:59,237: WARNING/MainProcess] /usr/local/lib/python2.7/dist-packages/celery/fixups/django.py:265: UserWarning: Using settings.DEBUG leads to a memory leak, never use this setting in production environments!
  warnings.warn('Using settings.DEBUG leads to a memory leak, never '
[2017-10-18 16:39:59,237: WARNING/MainProcess] worker@server02 ready.
[2017-10-18 16:40:03,288: INFO/Beat] Writing entries (0)...
[2017-10-18 16:40:07,703: INFO/Beat] Scheduler: Sending due task auto_build (jenkinsmgr.tasks.auto_build)
[2017-10-18 16:40:07,723: INFO/MainProcess] Received task: jenkinsmgr.tasks.auto_build[6638a9f2-f479-44f9-b927-21440214f2bd]
[2017-10-18 16:40:07,777: INFO/MainProcess] Task jenkinsmgr.tasks.auto_build[6638a9f2-f479-44f9-b927-21440214f2bd] succeeded in 0.0533992210403s: None
[2017-10-18 16:40:17,704: INFO/Beat] Scheduler: Sending due task auto_build (jenkinsmgr.tasks.auto_build)
[2017-10-18 16:40:17,713: INFO/MainProcess] Received task: jenkinsmgr.tasks.auto_build[ae29395a-c3d6-4653-bbbe-cec6fd35a993]
[2017-10-18 16:40:17,753: INFO/MainProcess] Task jenkinsmgr.tasks.auto_build[ae29395a-c3d6-4653-bbbe-cec6fd35a993] succeeded in 0.0383660889929s: None
[2017-10-18 16:40:27,708: INFO/Beat] Scheduler: Sending due task auto_build (jenkinsmgr.tasks.auto_build)
[2017-10-18 16:40:27,712: INFO/MainProcess] Received task: jenkinsmgr.tasks.auto_build[ac4a3818-fd36-4597-82a4-59012a642624]
[2017-10-18 16:40:27,729: INFO/MainProcess] Task jenkinsmgr.tasks.auto_build[ac4a3818-fd36-4597-82a4-59012a642624] succeeded in 0.0163773919921s: None
[2017-10-18 16:40:37,714: INFO/Beat] Scheduler: Sending due task auto_build (jenkinsmgr.tasks.auto_build)
[2017-10-18 16:40:37,726: INFO/MainProcess] Received task: jenkinsmgr.tasks.auto_build[e024c770-6c51-4dac-9255-0489a76da525]
[2017-10-18 16:40:37,753: INFO/MainProcess] Task jenkinsmgr.tasks.auto_build[e024c770-6c51-4dac-9255-0489a76da525] succeeded in 0.0259080940159s: None
[2017-10-18 16:40:38,662: INFO/MainProcess] beat: Shutting down...
[2017-10-18 16:40:38,663: INFO/Beat] Writing entries (1)...
[2017-10-18 16:40:38,684: INFO/Beat] Writing entries (0)...
